[2022-11-23 14:22:06,749] multiqc                                            [DEBUG  ]  This is MultiQC v1.13 (759ab2d)
[2022-11-23 14:22:06,750] multiqc                                            [DEBUG  ]  Command used: /opt/homebrew/bin/multiqc .
[2022-11-23 14:22:08,358] multiqc                                            [DEBUG  ]  Latest MultiQC version is v1.13
[2022-11-23 14:22:08,359] multiqc                                            [DEBUG  ]  Working dir : /Users/sas/Desktop/fastqc
[2022-11-23 14:22:08,359] multiqc                                            [DEBUG  ]  Template    : default
[2022-11-23 14:22:08,359] multiqc                                            [DEBUG  ]  Running Python 3.10.8 (main, Oct 13 2022, 09:48:54) [Clang 13.0.0 (clang-1300.0.29.30)]
[2022-11-23 14:22:08,360] multiqc                                            [DEBUG  ]  Analysing modules: custom_content, ccs, ngsderive, purple, conpair, lima, peddy, somalier, methylQA, mosdepth, phantompeakqualtools, qualimap, preseq, quast, qorts, rna_seqc, rockhopper, rsem, rseqc, busco, bustools, goleft_indexcov, gffcompare, disambiguate, supernova, deeptools, sargasso, verifybamid, mirtrace, happy, mirtop, sambamba, homer, hops, macs2, theta2, snpeff, gatk, htseq, bcftools, featureCounts, fgbio, dragen, dedup, pbmarkdup, damageprofiler, biobambam2, jcvi, mtnucratio, picard, vep, sentieon, prokka, qc3C, nanostat, samblaster, samtools, sexdeterrmine, eigenstratdatabasetools, bamtools, jellyfish, vcftools, longranger, stacks, varscan2, snippy, bbmap, bismark, biscuit, hicexplorer, hicup, hicpro, salmon, kallisto, slamdunk, star, hisat2, tophat, bowtie2, bowtie1, snpsplit, odgi, pangolin, kat, leehom, adapterRemoval, clipandmerge, cutadapt, flexbar, kaiju, kraken, malt, trimmomatic, sickle, skewer, sortmerna, biobloomtools, fastq_screen, afterqc, fastp, fastqc, pychopper, pycoqc, minionqc, multivcfanalyzer, clusterflow, checkqc, bcl2fastq, bclconvert, interop, ivar, flash, seqyclean, optitype, whatshap
[2022-11-23 14:22:08,361] multiqc                                            [DEBUG  ]  Using temporary directory for creating report: /var/folders/v0/4gccgx9d1_l3br14v33z06b80000gp/T/tmp6dva4z2u
[2022-11-23 14:22:08,468] multiqc                                            [INFO   ]  Search path : /Users/sas/Desktop/fastqc
[2022-11-23 14:22:08,662] multiqc                                            [DEBUG  ]  Summary of files that were skipped by the search: [skipped_module_specific_max_filesize: 34] // [skipped_no_match: 12] // [skipped_ignore_pattern: 3]
[2022-11-23 14:22:10,974] multiqc.plots.bargraph                             [DEBUG  ]  Using matplotlib version 3.6.2
[2022-11-23 14:22:10,974] multiqc.plots.linegraph                            [DEBUG  ]  Using matplotlib version 3.6.2
[2022-11-23 14:22:10,975] multiqc                                            [DEBUG  ]  No samples found: custom_content
[2022-11-23 14:22:10,976] multiqc                                            [DEBUG  ]  No samples found: trimmomatic
[2022-11-23 14:22:10,981] multiqc.modules.fastqc.fastqc                      [INFO   ]  Found 2 reports
[2022-11-23 14:22:11,021] multiqc                                            [INFO   ]  Compressing plot data
[2022-11-23 14:22:11,046] multiqc                                            [INFO   ]  Report      : multiqc_report.html
[2022-11-23 14:22:11,046] multiqc                                            [INFO   ]  Data        : multiqc_data
[2022-11-23 14:22:11,046] multiqc                                            [DEBUG  ]  Moving data file from '/var/folders/v0/4gccgx9d1_l3br14v33z06b80000gp/T/tmp6dva4z2u/multiqc_data' to '/Users/sas/Desktop/fastqc/multiqc_data'
[2022-11-23 14:22:11,092] multiqc                                            [INFO   ]  MultiQC complete
